<?xml version="1.0" encoding="UTF-8"?>
<!-- Generated by org.testng.reporters.JUnitReportReporter -->
<testsuite hostname="Alita" name="com.lianxin.ApiTest" tests="22" failures="0" timestamp="23 Jul 2020 16:50:51 GMT" time="22.645" errors="0">
  <testcase name="apiTest" time="1.572" classname="com.lianxin.ApiTest"/>
  <testcase name="apiTest" time="1.234" classname="com.lianxin.ApiTest"/>
  <testcase name="apiTest" time="1.131" classname="com.lianxin.ApiTest"/>
  <testcase name="apiTest" time="0.452" classname="com.lianxin.ApiTest"/>
  <testcase name="apiTest" time="1.173" classname="com.lianxin.ApiTest"/>
  <testcase name="apiTest" time="1.062" classname="com.lianxin.ApiTest"/>
  <testcase name="apiTest" time="1.270" classname="com.lianxin.ApiTest"/>
  <testcase name="apiTest" time="0.774" classname="com.lianxin.ApiTest"/>
  <testcase name="apiTest" time="0.891" classname="com.lianxin.ApiTest"/>
  <testcase name="apiTest" time="1.343" classname="com.lianxin.ApiTest"/>
  <testcase name="apiTest" time="1.353" classname="com.lianxin.ApiTest"/>
  <testcase name="apiTest" time="1.273" classname="com.lianxin.ApiTest"/>
  <testcase name="apiTest" time="1.635" classname="com.lianxin.ApiTest"/>
  <testcase name="apiTest" time="1.486" classname="com.lianxin.ApiTest"/>
  <testcase name="apiTest" time="0.966" classname="com.lianxin.ApiTest"/>
  <testcase name="apiTest" time="1.162" classname="com.lianxin.ApiTest"/>
  <testcase name="apiTest" time="1.359" classname="com.lianxin.ApiTest"/>
  <testcase name="apiTest" time="1.110" classname="com.lianxin.ApiTest"/>
  <testcase name="apiTest" time="0.237" classname="com.lianxin.ApiTest"/>
  <testcase name="apiTest" time="0.353" classname="com.lianxin.ApiTest"/>
  <testcase name="apiTest" time="0.636" classname="com.lianxin.ApiTest"/>
  <testcase name="apiTest" time="0.173" classname="com.lianxin.ApiTest"/>
</testsuite> <!-- com.lianxin.ApiTest -->
